Log system just set up...
Log system just set up...
Log system just set up...
Log system just set up...
Log system just set up...
Log system just set up...
Log system just set up...
[INIT_RUNNER] Insert Agent settings into Trainer
Log system just set up...
[INIT_RUNNER] Insert Agent settings into Trainer
Log system just set up...
[INIT_RUNNER] Insert Agent settings into Trainer
Log system just set up...
[INIT_RUNNER] Insert Agent settings into Trainer
Log system just set up...
[INIT_RUNNER] Insert Agent settings into Trainer
[RUNNER] Step: 0
Log system just set up...
[INIT_RUNNER] Insert Agent settings into Trainer
[RUNNER] Step: 0
Log system just set up...
[INIT_RUNNER] Insert Agent settings into Trainer
[RUNNER] Step: 0
Log system just set up...
[INIT_RUNNER] Insert Agent settings into Trainer
[RUNNER] Step: 0
Log system just set up...
[INIT_RUNNER] Insert Agent settings into Trainer
[RUNNER] Step: 0
Log system just set up...
[INIT_RUNNER] Insert Agent settings into Trainer
[RUNNER] Step: 0
Log system just set up...
[INIT_RUNNER] Insert Agent settings into Trainer
[RUNNER] Step: 0
Log system just set up...
[INIT_RUNNER] Insert Agent settings into Trainer
[RUNNER] Step: 0
Log system just set up...
[INIT_RUNNER] Insert Agent settings into Trainer
[RUNNER] Step: 0
Log system just set up...
[INIT_RUNNER] Insert Agent settings into Trainer
[RUNNER] Step: 0
Log system just set up...
[INIT_RUNNER] Insert Agent settings into Trainer
[RUNNER] Step: 0
Log system just set up...
[INIT_RUNNER] Insert Agent settings into Trainer
[RUNNER] Step: 0
Log system just set up...
[INIT_RUNNER] Insert Agent settings into Trainer
[RUNNER] Step: 0
Log system just set up...
Log system just set up...
[INIT_RUNNER] Insert Agent settings into Trainer
Log system just set up...
[INIT_RUNNER] Insert Agent settings into Trainer
[RUNNER] Step: 0
Log system just set up...
[INIT_RUNNER] Insert Agent settings into Trainer
[RUNNER] Step: 0
Log system just set up...
[INIT_RUNNER] Insert Agent settings into Trainer
[RUNNER] Step: 0
Log system just set up...
[INIT_RUNNER] Insert Agent settings into Trainer
[RUNNER] Step: 0
Log system just set up...
[INIT_RUNNER] Insert Agent settings into Trainer
[RUNNER] Step: 0
Log system just set up...
[INIT_RUNNER] Insert Agent settings into Trainer
[RUNNER] Step: 0
Log system just set up...
[INIT_RUNNER] Insert Agent settings into Trainer
[RUNNER] Step: 0
Log system just set up...
[INIT_RUNNER] Insert Agent settings into Trainer
[RUNNER] Step: 0
Log system just set up...
[INIT_RUNNER] Insert Agent settings into Trainer
[RUNNER] Step: 0
Log system just set up...
[INIT_RUNNER] Insert Agent settings into Trainer
[RUNNER] Step: 0
Log system just set up...
[INIT_RUNNER] Insert Agent settings into Trainer
[RUNNER] Step: 0
Log system just set up...
[INIT_RUNNER] Insert Agent settings into Trainer
[RUNNER] Step: 0
Log system just set up...
[INIT_RUNNER] Insert Agent settings into Trainer
[RUNNER] Step: 0
Log system just set up...
[INIT_RUNNER] Insert Agent settings into Trainer
[RUNNER] Step: 0
Log system just set up...
[INIT_RUNNER] Insert Agent settings into Trainer
[RUNNER] Step: 0
Log system just set up...
[INIT_RUNNER] Insert Agent settings into Trainer
[RUNNER] Step: 0
Log system just set up...
[INIT_RUNNER] Insert Agent settings into Trainer
[RUNNER] Step: 0
Log system just set up...
[INIT_RUNNER] Insert Agent settings into Trainer
[RUNNER] Step: 0
Log system just set up...
[INIT_RUNNER] Insert Agent settings into Trainer
[RUNNER] Step: 0
Log system just set up...
[INIT_RUNNER] Insert Agent settings into Trainer
[RUNNER] Step: 0
Log system just set up...
Log system just set up...
Log system just set up...
[INIT_RUNNER] Insert Agent settings into Trainer
[INIT_RUNNER] Insert Agent settings into Trainer
[RUNNER] Step: 0
[RUNNER] Step: 0
Log system just set up...
Log system just set up...
Log system just set up...
[INIT_RUNNER] Insert Agent settings into Trainer
[INIT_RUNNER] Insert Agent settings into Trainer
[RUNNER] Step: 0
[RUNNER] Step: 0
MBS random_action: [[18, [9, 20, 13], 18, 281]]
MBS random_action: [[18, [9, 20, 13], 18, 281]]
UAV random_action: [[0, 0, 0, 0, 0], [0, 0, 0, 0, 0], [0, 0, 0, 0, 0], [0, 0, 0, 0, 0], [0, 0, 0, 0, 0], [0, 0, 0, 0, 0], [0, 0, 0, 0, 0], [0, 0, 0, 0, 0], [0, 0, 0, 0, 0], [0, 0, 0, 0, 0], [0, 0, 0, 0, 0], [0, 0, 0, 0, 0], [0, 0, 0, 0, 0], [0, 0, 0, 0, 0], [0, 0, 0, 0, 0], [0, 0, 0, 0, 0], [0, 0, 0, 0, 0], [0, 0, 0, 0, 0], [0, 0, 0, 0, 0], [0, 0, 0, 0, 0]]
UAV random_action: [[0, 0, 0, 0, 0], [0, 0, 0, 0, 0], [0, 0, 0, 0, 0], [0, 0, 0, 0, 0], [0, 0, 0, 0, 0], [0, 0, 0, 0, 0], [0, 0, 0, 0, 0], [0, 0, 0, 0, 0], [0, 0, 0, 0, 0], [0, 0, 0, 0, 0], [0, 0, 0, 0, 0], [0, 0, 0, 0, 0], [0, 0, 0, 0, 0], [0, 0, 0, 0, 0], [0, 0, 0, 0, 0], [0, 0, 0, 0, 0], [0, 0, 0, 0, 0], [0, 0, 0, 0, 0], [0, 0, 0, 0, 0], [0, 0, 0, 0, 0]]
UAV random_action: [[0, 0, 0, 0, 0], [0, 0, 0, 0, 0], [0, 0, 0, 0, 0], [0, 0, 0, 0, 0], [0, 0, 0, 0, 0], [0, 0, 0, 0, 0], [0, 0, 0, 0, 0], [0, 0, 0, 0, 0], [0, 0, 0, 0, 0], [0, 0, 0, 0, 0], [0, 0, 0, 0, 0], [0, 0, 0, 0, 0], [0, 0, 0, 0, 0], [0, 0, 0, 0, 0], [0, 0, 0, 0, 0], [0, 0, 0, 0, 0], [0, 0, 0, 0, 0], [0, 0, 0, 0, 0], [0, 0, 0, 0, 0], [0, 0, 0, 0, 0]]
UAV random_action: [[0, 0, 0, 0, 0], [0, 0, 0, 0, 0], [0, 0, 0, 0, 0], [0, 0, 0, 0, 0], [0, 0, 0, 0, 0], [0, 0, 0, 0, 0], [0, 0, 0, 0, 0], [0, 0, 0, 0, 0], [0, 0, 0, 0, 0], [0, 0, 0, 0, 0], [0, 0, 0, 0, 0], [0, 0, 0, 0, 0], [0, 0, 0, 0, 0], [0, 0, 0, 0, 0], [0, 0, 0, 0, 0], [0, 0, 0, 0, 0], [0, 0, 0, 0, 0], [0, 0, 0, 0, 0], [0, 0, 0, 0, 0], [0, 0, 0, 0, 0]]
UAV random_action: [[0, 0, 0, 0, 0], [0, 0, 0, 0, 0], [0, 0, 0, 0, 0], [0, 0, 0, 0, 0], [0, 0, 0, 0, 0], [0, 0, 0, 0, 0], [0, 0, 0, 0, 0], [0, 0, 0, 0, 0], [0, 0, 0, 0, 0], [0, 0, 0, 0, 0], [0, 0, 0, 0, 0], [0, 0, 0, 0, 0], [0, 0, 0, 0, 0], [0, 0, 0, 0, 0], [0, 0, 0, 0, 0], [0, 0, 0, 0, 0], [0, 0, 0, 0, 0], [0, 0, 0, 0, 0], [0, 0, 0, 0, 0], [0, 0, 0, 0, 0]]
UAV random_action: [[0, 0, 0, 0, 0], [0, 0, 0, 0, 0], [0, 0, 0, 0, 0], [0, 0, 0, 0, 0], [0, 0, 0, 0, 0], [0, 0, 0, 0, 0], [0, 0, 0, 0, 0], [0, 0, 0, 0, 0], [0, 0, 0, 0, 0], [0, 0, 0, 0, 0], [0, 0, 0, 0, 0], [0, 0, 0, 0, 0], [0, 0, 0, 0, 0], [0, 0, 0, 0, 0], [0, 0, 0, 0, 0], [0, 0, 0, 0, 0], [0, 0, 0, 0, 0], [0, 0, 0, 0, 0], [0, 0, 0, 0, 0], [0, 0, 0, 0, 0]]
UAV random_action: [[0, 0, 0, 0, 0], [0, 0, 0, 0, 0], [0, 0, 0, 0, 0], [0, 0, 0, 0, 0], [0, 0, 0, 0, 0], [0, 0, 0, 0, 0], [0, 0, 0, 0, 0], [0, 0, 0, 0, 0], [0, 0, 0, 0, 0], [0, 0, 0, 0, 0], [0, 0, 0, 0, 0], [0, 0, 0, 0, 0], [0, 0, 0, 0, 0], [0, 0, 0, 0, 0], [0, 0, 0, 0, 0], [0, 0, 0, 0, 0], [0, 0, 0, 0, 0], [0, 0, 0, 0, 0], [0, 0, 0, 0, 0], [0, 0, 0, 0, 0]]
UAV random_action: [[0, 0, 0, 0, 0], [0, 0, 0, 0, 0], [0, 0, 0, 0, 0], [0, 0, 0, 0, 0], [0, 0, 0, 0, 0], [0, 0, 0, 0, 0], [0, 0, 0, 0, 0], [0, 0, 0, 0, 0], [0, 0, 0, 0, 0], [0, 0, 0, 0, 0], [0, 0, 0, 0, 0], [0, 0, 0, 0, 0], [0, 0, 0, 0, 0], [0, 0, 0, 0, 0], [0, 0, 0, 0, 0], [0, 0, 0, 0, 0], [0, 0, 0, 0, 0], [0, 0, 0, 0, 0], [0, 0, 0, 0, 0], [0, 0, 0, 0, 0]]
